Path [::]:9000 -> [::1]:8000: sending
quiche::tls: 304a92248aea265951ca62533c396089 write message lvl=Initial len=240
quiche: 304a92248aea265951ca62533c396089 tx pkt Initial version=babababa dcid=d54cab0f52da49a6a358012a620fead3 scid=304a92248aea265951ca62533c396089 len=244 pn=0 
quiche: 304a92248aea265951ca62533c396089 tx frm CRYPTO off=0 len=240
quiche::recovery: 304a92248aea265951ca62533c396089 timer=998.727408ms latest_rtt=0ns srtt=333ms min_rtt=0ns rttvar=166.5ms cwnd=13500 ssthresh=18446744073709551615 bytes_in_flight=303 app_limited=true congestion_recovery_start_time=None Rate { delivered: 0, delivered_time: Instant { tv_sec: 3825, tv_nsec: 911474102 }, first_sent_time: Instant { tv_sec: 3825, tv_nsec: 911474102 }, end_of_app_limited: 1, last_sent_packet: 0, largest_acked: 0, rate_sample: RateSample { delivery_rate: 0, is_app_limited: false, interval: 0ns, delivered: 0, prior_delivered: 0, prior_time: None, send_elapsed: 0ns, ack_elapsed: 0ns, rtt: 0ns } } pacer=Pacer { enabled: true, capacity: 13500, used: 0, rate: 0, last_update: Instant { tv_sec: 3825, tv_nsec: 911474102 }, next_time: Instant { tv_sec: 3825, tv_nsec: 911474102 }, max_datagram_size: 1350, last_packet_size: None, iv: 0ns, max_pacing_rate: None } hystart=window_end=Some(0) last_round_min_rtt=18446744073709551615.999999999s current_round_min_rtt=18446744073709551615.999999999s css_baseline_min_rtt=18446744073709551615.999999999s rtt_sample_count=0 css_start_time=None css_round_count=0 cubic={ k=0 w_max=0 } 
sent 1200 bytes
done writing
quiche: 304a92248aea265951ca62533c396089 rx pkt VersionNegotiation version=0 dcid=304a92248aea265951ca62533c396089 scid=d54cab0f52da49a6a358012a620fead3 versions=[1]
quiche: 304a92248aea265951ca62533c396089 dropped epoch 0 state
recv 43 bytes
recv would block
done reading
Path [::]:9000 -> [::1]:8000: sending
quiche::tls: 304a92248aea265951ca62533c396089 write message lvl=Initial len=240
quiche: 304a92248aea265951ca62533c396089 tx pkt Initial version=1 dcid=d54cab0f52da49a6a358012a620fead3 scid=304a92248aea265951ca62533c396089 len=244 pn=1 
quiche: 304a92248aea265951ca62533c396089 tx frm CRYPTO off=0 len=240
quiche::recovery: 304a92248aea265951ca62533c396089 timer=998.868558ms latest_rtt=0ns srtt=333ms min_rtt=0ns rttvar=166.5ms cwnd=13500 ssthresh=18446744073709551615 bytes_in_flight=303 app_limited=true congestion_recovery_start_time=None Rate { delivered: 0, delivered_time: Instant { tv_sec: 3825, tv_nsec: 912235064 }, first_sent_time: Instant { tv_sec: 3825, tv_nsec: 912235064 }, end_of_app_limited: 1, last_sent_packet: 1, largest_acked: 0, rate_sample: RateSample { delivery_rate: 0, is_app_limited: false, interval: 0ns, delivered: 0, prior_delivered: 0, prior_time: None, send_elapsed: 0ns, ack_elapsed: 0ns, rtt: 0ns } } pacer=Pacer { enabled: true, capacity: 13500, used: 0, rate: 0, last_update: Instant { tv_sec: 3825, tv_nsec: 912235064 }, next_time: Instant { tv_sec: 3825, tv_nsec: 912235064 }, max_datagram_size: 1350, last_packet_size: None, iv: 0ns, max_pacing_rate: None } hystart=window_end=Some(0) last_round_min_rtt=18446744073709551615.999999999s current_round_min_rtt=18446744073709551615.999999999s css_baseline_min_rtt=18446744073709551615.999999999s rtt_sample_count=0 css_start_time=None css_round_count=0 cubic={ k=0 w_max=0 } 
sent 1200 bytes
done writing
quiche: 304a92248aea265951ca62533c396089 rx pkt Retry version=1 dcid=304a92248aea265951ca62533c396089 scid=14fb051cea819bbd9756860264e375df token=7175696368650a002328000000000000000000000000000000000000000100000000d54cab0f52da49a6a358012a620fead3
quiche: 304a92248aea265951ca62533c396089 dropped epoch 0 state
recv 105 bytes
recv would block
done reading
Path [::]:9000 -> [::1]:8000: sending
quiche::tls: 304a92248aea265951ca62533c396089 write message lvl=Initial len=240
quiche: 304a92248aea265951ca62533c396089 tx pkt Initial version=1 dcid=14fb051cea819bbd9756860264e375df scid=304a92248aea265951ca62533c396089 token=7175696368650a002328000000000000000000000000000000000000000100000000d54cab0f52da49a6a358012a620fead3 len=244 pn=2 
quiche: 304a92248aea265951ca62533c396089 tx frm CRYPTO off=0 len=240
quiche::recovery: 304a92248aea265951ca62533c396089 timer=998.866725ms latest_rtt=0ns srtt=333ms min_rtt=0ns rttvar=166.5ms cwnd=13500 ssthresh=18446744073709551615 bytes_in_flight=353 app_limited=true congestion_recovery_start_time=None Rate { delivered: 0, delivered_time: Instant { tv_sec: 3825, tv_nsec: 912646404 }, first_sent_time: Instant { tv_sec: 3825, tv_nsec: 912646404 }, end_of_app_limited: 1, last_sent_packet: 2, largest_acked: 0, rate_sample: RateSample { delivery_rate: 0, is_app_limited: false, interval: 0ns, delivered: 0, prior_delivered: 0, prior_time: None, send_elapsed: 0ns, ack_elapsed: 0ns, rtt: 0ns } } pacer=Pacer { enabled: true, capacity: 13500, used: 0, rate: 0, last_update: Instant { tv_sec: 3825, tv_nsec: 912646404 }, next_time: Instant { tv_sec: 3825, tv_nsec: 912646404 }, max_datagram_size: 1350, last_packet_size: None, iv: 0ns, max_pacing_rate: None } hystart=window_end=Some(0) last_round_min_rtt=18446744073709551615.999999999s current_round_min_rtt=18446744073709551615.999999999s css_baseline_min_rtt=18446744073709551615.999999999s rtt_sample_count=0 css_start_time=None css_round_count=0 cubic={ k=0 w_max=0 } 
sent 1200 bytes
done writing
quiche: 304a92248aea265951ca62533c396089 rx pkt Initial version=1 dcid=304a92248aea265951ca62533c396089 scid=14fb051cea819bbd9756860264e375df token= len=117 pn=0 
quiche: 304a92248aea265951ca62533c396089 rx frm ACK delay=324 blocks=[2..2] ecn_counts=None
quiche::recovery: 304a92248aea265951ca62533c396089 packet newly acked 2
quiche: 304a92248aea265951ca62533c396089 rx frm CRYPTO off=0 len=90
quiche::tls: 304a92248aea265951ca62533c396089 set write secret lvl=Handshake
quiche::tls: 304a92248aea265951ca62533c396089 set read secret lvl=Handshake
quiche: 304a92248aea265951ca62533c396089 rx pkt Handshake version=1 dcid=304a92248aea265951ca62533c396089 scid=14fb051cea819bbd9756860264e375df len=1000 pn=0 
quiche: 304a92248aea265951ca62533c396089 rx frm CRYPTO off=0 len=979
recv 1200 bytes
quiche: 304a92248aea265951ca62533c396089 rx pkt Handshake version=1 dcid=304a92248aea265951ca62533c396089 scid=14fb051cea819bbd9756860264e375df len=231 pn=1 
quiche: 304a92248aea265951ca62533c396089 rx frm CRYPTO off=979 len=209
quiche::tls: 304a92248aea265951ca62533c396089 write message lvl=Handshake len=36
quiche::tls: 304a92248aea265951ca62533c396089 set write secret lvl=OneRTT
quiche::tls: 304a92248aea265951ca62533c396089 set read secret lvl=OneRTT
quiche: 304a92248aea265951ca62533c396089 connection established: proto=Ok("h3") cipher=Some(AES128_GCM) curve=Some("X25519") sigalg=Some("rsa_pss_rsae_sha256") resumed=false TransportParams { original_destination_connection_id: Some(d54cab0f52da49a6a358012a620fead3), max_idle_timeout: 5000, stateless_reset_token: None, max_udp_payload_size: 1350, initial_max_data: 10000000, initial_max_stream_data_bidi_local: 1000000, initial_max_stream_data_bidi_remote: 1000000, initial_max_stream_data_uni: 1000000, initial_max_streams_bidi: 100, initial_max_streams_uni: 100, ack_delay_exponent: 3, max_ack_delay: 25, disable_active_migration: false, active_conn_id_limit: 10, initial_source_connection_id: Some(14fb051cea819bbd9756860264e375df), retry_source_connection_id: Some(14fb051cea819bbd9756860264e375df), max_datagram_frame_size: None }
recv 272 bytes
recv would block
done reading
connection established: h3
quiche::h3: 304a92248aea265951ca62533c396089 tx frm SETTINGS stream=2 len=18
quiche::h3: 304a92248aea265951ca62533c396089 open GREASE stream 14
quiche::h3: 304a92248aea265951ca62533c396089 tx frm GREASE stream=0 len=0
quiche::h3: 304a92248aea265951ca62533c396089 tx frm GREASE stream=0 len=18
quiche::h3: 304a92248aea265951ca62533c396089 tx frm HEADERS stream=0 len=29 fin=true
sent HTTP request 0
Path [::]:9000 -> [::1]:8000: sending
quiche: 304a92248aea265951ca62533c396089 tx pkt Initial version=1 dcid=14fb051cea819bbd9756860264e375df scid=304a92248aea265951ca62533c396089 token=7175696368650a002328000000000000000000000000000000000000000100000000d54cab0f52da49a6a358012a620fead3 len=6 pn=3 
quiche: 304a92248aea265951ca62533c396089 tx frm ACK delay=127 blocks=[0..0] ecn_counts=None
quiche::recovery: 304a92248aea265951ca62533c396089 timer=8.482946ms latest_rtt=3.185312ms srtt=3.185312ms min_rtt=3.185312ms rttvar=1.592656ms cwnd=13500 ssthresh=18446744073709551615 bytes_in_flight=0 app_limited=true congestion_recovery_start_time=None Rate { delivered: 353, delivered_time: Instant { tv_sec: 3825, tv_nsec: 916291854 }, first_sent_time: Instant { tv_sec: 3825, tv_nsec: 916291854 }, end_of_app_limited: 2, last_sent_packet: 3, largest_acked: 2, rate_sample: RateSample { delivery_rate: 110821, is_app_limited: true, interval: 3.185312ms, delivered: 353, prior_delivered: 0, prior_time: Some(Instant { tv_sec: 3825, tv_nsec: 912646404 }), send_elapsed: 0ns, ack_elapsed: 3.185312ms, rtt: 3.185312ms } } pacer=Pacer { enabled: true, capacity: 13500, used: 0, rate: 5297754, last_update: Instant { tv_sec: 3825, tv_nsec: 916291740 }, next_time: Instant { tv_sec: 3825, tv_nsec: 916291854 }, max_datagram_size: 1350, last_packet_size: Some(0), iv: 0ns, max_pacing_rate: None } hystart=window_end=Some(0) last_round_min_rtt=18446744073709551615.999999999s current_round_min_rtt=18446744073709551615.999999999s css_baseline_min_rtt=18446744073709551615.999999999s rtt_sample_count=0 css_start_time=None css_round_count=0 cubic={ k=0 w_max=0 } 
quiche: 304a92248aea265951ca62533c396089 tx pkt Handshake version=1 dcid=14fb051cea819bbd9756860264e375df scid=304a92248aea265951ca62533c396089 len=46 pn=0 
quiche: 304a92248aea265951ca62533c396089 tx frm ACK delay=84 blocks=[0..1] ecn_counts=None
quiche: 304a92248aea265951ca62533c396089 tx frm CRYPTO off=0 len=36
quiche::recovery: 304a92248aea265951ca62533c396089 timer=9.35772ms latest_rtt=3.185312ms srtt=3.185312ms min_rtt=3.185312ms rttvar=1.592656ms cwnd=13500 ssthresh=18446744073709551615 bytes_in_flight=104 app_limited=true congestion_recovery_start_time=None Rate { delivered: 353, delivered_time: Instant { tv_sec: 3825, tv_nsec: 916291854 }, first_sent_time: Instant { tv_sec: 3825, tv_nsec: 916291854 }, end_of_app_limited: 3, last_sent_packet: 0, largest_acked: 2, rate_sample: RateSample { delivery_rate: 110821, is_app_limited: true, interval: 3.185312ms, delivered: 353, prior_delivered: 0, prior_time: Some(Instant { tv_sec: 3825, tv_nsec: 912646404 }), send_elapsed: 0ns, ack_elapsed: 3.185312ms, rtt: 3.185312ms } } pacer=Pacer { enabled: true, capacity: 13500, used: 0, rate: 5297754, last_update: Instant { tv_sec: 3825, tv_nsec: 916841737 }, next_time: Instant { tv_sec: 3825, tv_nsec: 916291854 }, max_datagram_size: 1350, last_packet_size: None, iv: 19.631µs, max_pacing_rate: None } hystart=window_end=Some(0) last_round_min_rtt=18446744073709551615.999999999s current_round_min_rtt=18446744073709551615.999999999s css_baseline_min_rtt=18446744073709551615.999999999s rtt_sample_count=0 css_start_time=None css_round_count=0 cubic={ k=0 w_max=0 } 
quiche: 304a92248aea265951ca62533c396089 dropped epoch 0 state
quiche: 304a92248aea265951ca62533c396089 pmtud probe status false hs_con=false hs_sent=false cwnd_avail=13396 out_len=1131 left=1097
quiche: 304a92248aea265951ca62533c396089 tx pkt Short dcid=14fb051cea819bbd9756860264e375df key_phase=false len=1097 pn=0 
quiche: 304a92248aea265951ca62533c396089 tx frm NEW_CONNECTION_ID seq_num=1 retire_prior_to=0 conn_id=[a7, be, 69, e5, 33, ec, ab, ac, de, 78, f3, 3a, 5d, 40, 94, bb] reset_token=[bc, 48, ac, 0e, 03, e4, 04, cd, e2, 73, 8a, 82, 4f, 63, f7, f1]
quiche: 304a92248aea265951ca62533c396089 tx frm NEW_CONNECTION_ID seq_num=2 retire_prior_to=0 conn_id=[0d, 90, 91, f9, 0f, ff, 24, 89, 7c, 9b, 89, 57, 9e, 77, 06, 64] reset_token=[08, 71, e2, e5, 2c, 63, 27, 85, bc, 60, d3, a0, 89, 6b, 7e, 9d]
quiche: 304a92248aea265951ca62533c396089 tx frm NEW_CONNECTION_ID seq_num=3 retire_prior_to=0 conn_id=[97, 18, 24, c6, ee, 1e, b5, e9, 6b, 8d, 16, b7, 7e, a8, 4e, fa] reset_token=[a0, f3, 00, 0a, c6, 77, 09, 69, c5, 5c, c6, f1, f9, 53, 9c, 5c]
quiche: 304a92248aea265951ca62533c396089 tx frm NEW_CONNECTION_ID seq_num=4 retire_prior_to=0 conn_id=[21, 04, b4, dc, e2, ad, 3a, 2c, 75, c4, 1e, aa, a4, 56, c2, e3] reset_token=[9f, fc, d6, 7c, 1d, 23, 07, 33, b1, 5a, 79, 9e, 37, f9, 54, 43]
quiche: 304a92248aea265951ca62533c396089 tx frm NEW_CONNECTION_ID seq_num=5 retire_prior_to=0 conn_id=[71, 50, eb, 00, 06, 30, 6d, 20, 77, 48, 85, c5, ec, 55, 54, 80] reset_token=[ef, 3c, bf, 70, 36, d7, a7, 70, 4e, 45, c4, 5a, c6, 72, 43, 17]
quiche: 304a92248aea265951ca62533c396089 tx frm NEW_CONNECTION_ID seq_num=6 retire_prior_to=0 conn_id=[8d, 7c, e2, 9d, f6, de, ce, f4, 87, a4, 3a, bf, cf, de, 60, 3f] reset_token=[51, cf, 34, 93, c7, 1b, 52, 2c, e8, db, a1, f2, 9d, e4, 01, 36]
quiche: 304a92248aea265951ca62533c396089 tx frm NEW_CONNECTION_ID seq_num=7 retire_prior_to=0 conn_id=[56, 42, 49, 5a, bb, c0, d8, 5c, 00, e2, e3, 54, f9, 08, 14, 89] reset_token=[da, c1, 43, e4, c1, 34, fb, 86, 93, 23, ee, 42, 55, 69, 41, b0]
quiche: 304a92248aea265951ca62533c396089 tx frm NEW_CONNECTION_ID seq_num=8 retire_prior_to=0 conn_id=[c8, 94, 29, b8, 0e, 30, 89, f9, 8c, 4e, 2c, 31, 2c, 83, ea, 0e] reset_token=[28, 1c, da, 6f, 7e, 99, 97, fe, fd, fb, 58, 85, ed, 5f, 6c, 74]
quiche: 304a92248aea265951ca62533c396089 tx frm NEW_CONNECTION_ID seq_num=9 retire_prior_to=0 conn_id=[1b, ed, 97, 94, 2b, 77, 20, b9, 36, 16, 46, 1a, 91, 97, c2, 94] reset_token=[12, 9c, 79, 16, 11, ab, dd, 5d, 58, d3, 37, 8a, 99, df, c2, 8f]
quiche: 304a92248aea265951ca62533c396089 tx frm STREAM id=2 off=0 len=19 fin=false
quiche: 304a92248aea265951ca62533c396089 tx frm PADDING len=749
quiche::recovery: 304a92248aea265951ca62533c396089 timer=8.958949ms latest_rtt=3.185312ms srtt=3.185312ms min_rtt=3.185312ms rttvar=1.592656ms cwnd=13500 ssthresh=18446744073709551615 bytes_in_flight=1235 app_limited=true congestion_recovery_start_time=None Rate { delivered: 353, delivered_time: Instant { tv_sec: 3825, tv_nsec: 916291854 }, first_sent_time: Instant { tv_sec: 3825, tv_nsec: 916291854 }, end_of_app_limited: 1, last_sent_packet: 0, largest_acked: 2, rate_sample: RateSample { delivery_rate: 110821, is_app_limited: true, interval: 3.185312ms, delivered: 353, prior_delivered: 0, prior_time: Some(Instant { tv_sec: 3825, tv_nsec: 912646404 }), send_elapsed: 0ns, ack_elapsed: 3.185312ms, rtt: 3.185312ms } } pacer=Pacer { enabled: true, capacity: 13500, used: 1131, rate: 5297754, last_update: Instant { tv_sec: 3825, tv_nsec: 916841737 }, next_time: Instant { tv_sec: 3825, tv_nsec: 916861368 }, max_datagram_size: 1350, last_packet_size: Some(1131), iv: 0ns, max_pacing_rate: None } hystart=window_end=Some(0) last_round_min_rtt=18446744073709551615.999999999s current_round_min_rtt=18446744073709551615.999999999s css_baseline_min_rtt=18446744073709551615.999999999s rtt_sample_count=0 css_start_time=None css_round_count=0 cubic={ k=0 w_max=0 } 
sent 1350 bytes
quiche: 304a92248aea265951ca62533c396089 pmtud probe status false hs_con=false hs_sent=false cwnd_avail=12265 out_len=1350 left=1316
quiche: 304a92248aea265951ca62533c396089 tx pkt Short dcid=14fb051cea819bbd9756860264e375df key_phase=false len=6 pn=1 
quiche: 304a92248aea265951ca62533c396089 tx frm STREAM id=6 off=0 len=1 fin=false
quiche::recovery: 304a92248aea265951ca62533c396089 timer=8.770942ms latest_rtt=3.185312ms srtt=3.185312ms min_rtt=3.185312ms rttvar=1.592656ms cwnd=13500 ssthresh=18446744073709551615 bytes_in_flight=1275 app_limited=true congestion_recovery_start_time=None Rate { delivered: 353, delivered_time: Instant { tv_sec: 3825, tv_nsec: 916291854 }, first_sent_time: Instant { tv_sec: 3825, tv_nsec: 916291854 }, end_of_app_limited: 1, last_sent_packet: 1, largest_acked: 2, rate_sample: RateSample { delivery_rate: 110821, is_app_limited: true, interval: 3.185312ms, delivered: 353, prior_delivered: 0, prior_time: Some(Instant { tv_sec: 3825, tv_nsec: 912646404 }), send_elapsed: 0ns, ack_elapsed: 3.185312ms, rtt: 3.185312ms } } pacer=Pacer { enabled: true, capacity: 13500, used: 0, rate: 5297754, last_update: Instant { tv_sec: 3825, tv_nsec: 917572532 }, next_time: Instant { tv_sec: 3825, tv_nsec: 916861368 }, max_datagram_size: 1350, last_packet_size: None, iv: 221.037µs, max_pacing_rate: None } hystart=window_end=Some(0) last_round_min_rtt=18446744073709551615.999999999s current_round_min_rtt=18446744073709551615.999999999s css_baseline_min_rtt=18446744073709551615.999999999s rtt_sample_count=0 css_start_time=None css_round_count=0 cubic={ k=0 w_max=0 } 
sent 40 bytes
quiche: 304a92248aea265951ca62533c396089 pmtud probe status false hs_con=false hs_sent=false cwnd_avail=12225 out_len=1350 left=1316
quiche: 304a92248aea265951ca62533c396089 tx pkt Short dcid=14fb051cea819bbd9756860264e375df key_phase=false len=6 pn=2 
quiche: 304a92248aea265951ca62533c396089 tx frm STREAM id=10 off=0 len=1 fin=false
quiche::recovery: 304a92248aea265951ca62533c396089 timer=8.597981ms latest_rtt=3.185312ms srtt=3.185312ms min_rtt=3.185312ms rttvar=1.592656ms cwnd=13500 ssthresh=18446744073709551615 bytes_in_flight=1315 app_limited=true congestion_recovery_start_time=None Rate { delivered: 353, delivered_time: Instant { tv_sec: 3825, tv_nsec: 916291854 }, first_sent_time: Instant { tv_sec: 3825, tv_nsec: 916291854 }, end_of_app_limited: 1, last_sent_packet: 2, largest_acked: 2, rate_sample: RateSample { delivery_rate: 110821, is_app_limited: true, interval: 3.185312ms, delivered: 353, prior_delivered: 0, prior_time: Some(Instant { tv_sec: 3825, tv_nsec: 912646404 }), send_elapsed: 0ns, ack_elapsed: 3.185312ms, rtt: 3.185312ms } } pacer=Pacer { enabled: true, capacity: 13500, used: 40, rate: 5297754, last_update: Instant { tv_sec: 3825, tv_nsec: 917572532 }, next_time: Instant { tv_sec: 3825, tv_nsec: 917970824 }, max_datagram_size: 1350, last_packet_size: Some(40), iv: 0ns, max_pacing_rate: None } hystart=window_end=Some(0) last_round_min_rtt=18446744073709551615.999999999s current_round_min_rtt=18446744073709551615.999999999s css_baseline_min_rtt=18446744073709551615.999999999s rtt_sample_count=0 css_start_time=None css_round_count=0 cubic={ k=0 w_max=0 } 
sent 40 bytes
quiche: 304a92248aea265951ca62533c396089 pmtud probe status false hs_con=false hs_sent=false cwnd_avail=12185 out_len=1350 left=1316
quiche: 304a92248aea265951ca62533c396089 tx pkt Short dcid=14fb051cea819bbd9756860264e375df key_phase=false len=72 pn=3 
quiche: 304a92248aea265951ca62533c396089 tx frm STREAM id=0 off=0 len=67 fin=true
quiche::recovery: 304a92248aea265951ca62533c396089 timer=8.486689ms latest_rtt=3.185312ms srtt=3.185312ms min_rtt=3.185312ms rttvar=1.592656ms cwnd=13500 ssthresh=18446744073709551615 bytes_in_flight=1421 app_limited=true congestion_recovery_start_time=None Rate { delivered: 353, delivered_time: Instant { tv_sec: 3825, tv_nsec: 916291854 }, first_sent_time: Instant { tv_sec: 3825, tv_nsec: 916291854 }, end_of_app_limited: 2, last_sent_packet: 3, largest_acked: 2, rate_sample: RateSample { delivery_rate: 110821, is_app_limited: true, interval: 3.185312ms, delivered: 353, prior_delivered: 0, prior_time: Some(Instant { tv_sec: 3825, tv_nsec: 912646404 }), send_elapsed: 0ns, ack_elapsed: 3.185312ms, rtt: 3.185312ms } } pacer=Pacer { enabled: true, capacity: 13500, used: 0, rate: 5297754, last_update: Instant { tv_sec: 3825, tv_nsec: 917879447 }, next_time: Instant { tv_sec: 3825, tv_nsec: 917970824 }, max_datagram_size: 1350, last_packet_size: None, iv: 27.559µs, max_pacing_rate: None } hystart=window_end=Some(0) last_round_min_rtt=18446744073709551615.999999999s current_round_min_rtt=18446744073709551615.999999999s css_baseline_min_rtt=18446744073709551615.999999999s rtt_sample_count=0 css_start_time=None css_round_count=0 cubic={ k=0 w_max=0 } 
sent 106 bytes
quiche: 304a92248aea265951ca62533c396089 pmtud probe status false hs_con=false hs_sent=false cwnd_avail=12079 out_len=1350 left=1316
quiche: 304a92248aea265951ca62533c396089 tx pkt Short dcid=14fb051cea819bbd9756860264e375df key_phase=false len=31 pn=4 
quiche: 304a92248aea265951ca62533c396089 tx frm STREAM id=14 off=0 len=26 fin=true
quiche::recovery: 304a92248aea265951ca62533c396089 timer=8.362314ms latest_rtt=3.185312ms srtt=3.185312ms min_rtt=3.185312ms rttvar=1.592656ms cwnd=13500 ssthresh=18446744073709551615 bytes_in_flight=1486 app_limited=true congestion_recovery_start_time=None Rate { delivered: 353, delivered_time: Instant { tv_sec: 3825, tv_nsec: 916291854 }, first_sent_time: Instant { tv_sec: 3825, tv_nsec: 916291854 }, end_of_app_limited: 3, last_sent_packet: 4, largest_acked: 2, rate_sample: RateSample { delivery_rate: 110821, is_app_limited: true, interval: 3.185312ms, delivered: 353, prior_delivered: 0, prior_time: Some(Instant { tv_sec: 3825, tv_nsec: 912646404 }), send_elapsed: 0ns, ack_elapsed: 3.185312ms, rtt: 3.185312ms } } pacer=Pacer { enabled: true, capacity: 13500, used: 65, rate: 5297754, last_update: Instant { tv_sec: 3825, tv_nsec: 917879447 }, next_time: Instant { tv_sec: 3825, tv_nsec: 918002430 }, max_datagram_size: 1350, last_packet_size: Some(65), iv: 0ns, max_pacing_rate: None } hystart=window_end=Some(0) last_round_min_rtt=18446744073709551615.999999999s current_round_min_rtt=18446744073709551615.999999999s css_baseline_min_rtt=18446744073709551615.999999999s rtt_sample_count=0 css_start_time=None css_round_count=0 cubic={ k=0 w_max=0 } 
sent 65 bytes
done writing
quiche: 304a92248aea265951ca62533c396089 rx pkt Short dcid=304a92248aea265951ca62533c396089 key_phase=false len=771 pn=0 
quiche: 304a92248aea265951ca62533c396089 rx frm ACK delay=22 blocks=[0..4] ecn_counts=None
quiche::recovery: 304a92248aea265951ca62533c396089 packet newly acked 0
quiche::recovery: 304a92248aea265951ca62533c396089 packet newly acked 1
quiche::recovery: 304a92248aea265951ca62533c396089 packet newly acked 2
quiche::recovery: 304a92248aea265951ca62533c396089 packet newly acked 3
quiche::recovery: 304a92248aea265951ca62533c396089 packet newly acked 4
quiche: 304a92248aea265951ca62533c396089 rx frm NEW_CONNECTION_ID seq_num=1 retire_prior_to=0 conn_id=[a0, e3, 7d, 33, 65, 1d, f0, 19, a6, e2, 44, 5e, 3e, 7d, 21, 53] reset_token=[db, cb, 75, 30, 85, a2, a1, d3, b1, b8, 68, 66, ec, 92, 93, 76]
quiche: 304a92248aea265951ca62533c396089 rx frm NEW_CONNECTION_ID seq_num=2 retire_prior_to=0 conn_id=[1b, a5, 70, 26, d1, 5f, 3a, fc, 38, 64, 3a, 41, 99, a1, 94, 44] reset_token=[4c, 1a, 57, c6, d5, 30, 14, 21, 28, 74, 29, e3, cf, 08, 7d, 08]
quiche: 304a92248aea265951ca62533c396089 rx frm NEW_CONNECTION_ID seq_num=3 retire_prior_to=0 conn_id=[84, e8, d6, 3b, 8b, 80, d2, 80, 51, 44, 0d, 70, cd, 7c, b2, a3] reset_token=[83, d5, 5b, 53, d3, 4d, 8e, 21, d6, 53, b7, 81, 9f, f6, 4f, bd]
quiche: 304a92248aea265951ca62533c396089 rx frm NEW_CONNECTION_ID seq_num=4 retire_prior_to=0 conn_id=[c5, 57, e3, 3d, bd, e6, 3d, 75, 50, 74, 42, f1, 0c, 64, 17, d4] reset_token=[4e, 62, 68, e8, 88, fa, ae, 15, c6, 87, 6d, 0c, ad, 13, a4, 8c]
quiche: 304a92248aea265951ca62533c396089 rx frm NEW_CONNECTION_ID seq_num=5 retire_prior_to=0 conn_id=[04, 16, 74, 28, 4d, ff, 13, 80, 3a, 12, 23, 13, 06, 4f, 3c, f6] reset_token=[f8, 90, 80, a5, c0, 03, d2, f8, 0a, 4e, 4b, 88, 58, fc, 03, f0]
quiche: 304a92248aea265951ca62533c396089 rx frm NEW_CONNECTION_ID seq_num=6 retire_prior_to=0 conn_id=[d3, 8c, de, 8e, 61, c1, 17, 66, e4, 10, fe, d7, fb, fd, fa, 2c] reset_token=[c7, d5, 9d, ad, b0, cd, 84, 47, c6, 9a, 7f, 95, 5f, 9a, d7, ed]
quiche: 304a92248aea265951ca62533c396089 rx frm NEW_CONNECTION_ID seq_num=7 retire_prior_to=0 conn_id=[01, 5f, 6a, af, 05, 09, 3f, 74, de, 1b, 01, b4, 1f, 24, a1, bc] reset_token=[57, 75, c7, a7, 4d, a5, e9, dc, 3f, c1, 46, 3b, c6, 75, 38, 49]
quiche: 304a92248aea265951ca62533c396089 rx frm NEW_CONNECTION_ID seq_num=8 retire_prior_to=0 conn_id=[2c, 4e, 18, 15, b4, a8, 70, f1, 01, ee, bd, 77, ca, ba, 30, 71] reset_token=[6f, a2, 06, 65, f3, 44, 37, 45, 9c, 37, 22, ed, d7, 09, 2c, f6]
quiche: 304a92248aea265951ca62533c396089 rx frm NEW_CONNECTION_ID seq_num=9 retire_prior_to=0 conn_id=[32, 88, 07, 19, 67, bc, e8, 44, 73, 26, a0, 35, f2, 76, 14, 83] reset_token=[44, c6, 3f, 06, 0d, 44, eb, 88, 3b, d7, fc, 42, 63, ff, 25, b7]
quiche: 304a92248aea265951ca62533c396089 rx frm HANDSHAKE_DONE
quiche: 304a92248aea265951ca62533c396089 dropped epoch 1 state
quiche: 304a92248aea265951ca62533c396089 rx frm CRYPTO off=0 len=396
quiche: 304a92248aea265951ca62533c396089 rx frm STREAM id=3 off=0 len=19 fin=false
recv 788 bytes
quiche: 304a92248aea265951ca62533c396089 rx pkt Short dcid=304a92248aea265951ca62533c396089 key_phase=false len=23 pn=1 
quiche: 304a92248aea265951ca62533c396089 rx frm STREAM id=7 off=0 len=1 fin=false
recv 40 bytes
quiche: 304a92248aea265951ca62533c396089 rx pkt Short dcid=304a92248aea265951ca62533c396089 key_phase=false len=23 pn=2 
quiche: 304a92248aea265951ca62533c396089 rx frm STREAM id=11 off=0 len=1 fin=false
recv 40 bytes
quiche: 304a92248aea265951ca62533c396089 rx pkt Short dcid=304a92248aea265951ca62533c396089 key_phase=false len=81 pn=3 
quiche: 304a92248aea265951ca62533c396089 rx frm STREAM id=0 off=0 len=59 fin=false
recv 98 bytes
quiche: 304a92248aea265951ca62533c396089 rx pkt Short dcid=304a92248aea265951ca62533c396089 key_phase=false len=48 pn=4 
quiche: 304a92248aea265951ca62533c396089 rx frm STREAM id=15 off=0 len=26 fin=true
recv 65 bytes
recv would block
done reading
Path [::]:9001 -> [::1]:8000: probing
Return of probe 0
quiche::h3: 304a92248aea265951ca62533c396089 stream id 3 is readable
quiche::h3::stream: 304a92248aea265951ca62533c396089 read 1 bytes on stream 3
quiche::h3: 304a92248aea265951ca62533c396089 open peer's control stream 3
quiche::h3::stream: 304a92248aea265951ca62533c396089 read 1 bytes on stream 3
quiche::h3::stream: 304a92248aea265951ca62533c396089 read 1 bytes on stream 3
quiche::h3::stream: 304a92248aea265951ca62533c396089 read 16 bytes on stream 3
quiche::h3: 304a92248aea265951ca62533c396089 rx frm SETTINGS max_field_section=None, qpack_max_table=None, qpack_blocked=None raw=Some([(84348461546074719, 3032073196748861069)]), additional_settings=Some([(84348461546074719, 3032073196748861069)]) stream=3 payload_len=16
quiche::h3: 304a92248aea265951ca62533c396089 stream id 7 is readable
quiche::h3::stream: 304a92248aea265951ca62533c396089 read 1 bytes on stream 7
quiche::h3: 304a92248aea265951ca62533c396089 stream id 11 is readable
quiche::h3::stream: 304a92248aea265951ca62533c396089 read 1 bytes on stream 11
quiche::h3: 304a92248aea265951ca62533c396089 stream id 0 is readable
quiche::h3::stream: 304a92248aea265951ca62533c396089 read 1 bytes on stream 0
quiche::h3::stream: 304a92248aea265951ca62533c396089 read 7 bytes on stream 0
quiche::h3::stream: 304a92248aea265951ca62533c396089 read 1 bytes on stream 0
quiche::h3: 304a92248aea265951ca62533c396089 rx frm UNKNOWN raw_type=3329939879183384897 stream=0 payload_len=0
quiche::h3::stream: 304a92248aea265951ca62533c396089 read 1 bytes on stream 0
quiche::h3::stream: 304a92248aea265951ca62533c396089 read 7 bytes on stream 0
quiche::h3::stream: 304a92248aea265951ca62533c396089 read 1 bytes on stream 0
quiche::h3::stream: 304a92248aea265951ca62533c396089 read 18 bytes on stream 0
quiche::h3: 304a92248aea265951ca62533c396089 rx frm UNKNOWN raw_type=4244654130612908151 stream=0 payload_len=18
quiche::h3::stream: 304a92248aea265951ca62533c396089 read 1 bytes on stream 0
quiche::h3::stream: 304a92248aea265951ca62533c396089 read 1 bytes on stream 0
quiche::h3::stream: 304a92248aea265951ca62533c396089 read 14 bytes on stream 0
quiche::h3: 304a92248aea265951ca62533c396089 rx frm HEADERS stream=0 payload_len=14
quiche::h3::qpack::decoder: Header count=0 base=0
quiche::h3::qpack::decoder: Indexed index=25 static=true
quiche::h3::qpack::decoder: Literal name_idx=92 static=true value=[113, 117, 105, 99, 104, 101]
quiche::h3::qpack::decoder: Literal name_idx=4 static=true value=[53]
got HTTP/3 SETTING: 84348461546074719=3032073196748861069
got HTTP header: :status=200
got HTTP header: server=quiche
got HTTP header: content-length=5
quiche::h3: 304a92248aea265951ca62533c396089 stream id 15 is readable
quiche::h3::stream: 304a92248aea265951ca62533c396089 read 1 bytes on stream 15
quiche::h3::stream: 304a92248aea265951ca62533c396089 read 7 bytes on stream 15
quiche::h3: 304a92248aea265951ca62533c396089 stream id 0 is readable
quiche::h3::stream: 304a92248aea265951ca62533c396089 read 1 bytes on stream 0
quiche::h3::stream: 304a92248aea265951ca62533c396089 read 1 bytes on stream 0
quiche::h3: 304a92248aea265951ca62533c396089 rx frm DATA stream=0 wire_payload_len=5
Path [::]:9000 -> [::1]:8000: sending
quiche: 304a92248aea265951ca62533c396089 pmtud probe status false hs_con=true hs_sent=false cwnd_avail=13500 out_len=1350 left=1311
quiche: 304a92248aea265951ca62533c396089 tx pkt Short dcid=14fb051cea819bbd9756860264e375df key_phase=false len=5 pn=5 
quiche: 304a92248aea265951ca62533c396089 tx frm ACK delay=57 blocks=[0..4] ecn_counts=None
quiche::recovery: 304a92248aea265951ca62533c396089 timer=none latest_rtt=2.179548ms srtt=3.059591ms min_rtt=2.179548ms rttvar=1.445933ms cwnd=13500 ssthresh=18446744073709551615 bytes_in_flight=0 app_limited=true congestion_recovery_start_time=None Rate { delivered: 1735, delivered_time: Instant { tv_sec: 3825, tv_nsec: 921484708 }, first_sent_time: Instant { tv_sec: 3825, tv_nsec: 921484708 }, end_of_app_limited: 4, last_sent_packet: 5, largest_acked: 4, rate_sample: RateSample { delivery_rate: 355258, is_app_limited: true, interval: 3.890124ms, delivered: 1382, prior_delivered: 353, prior_time: Some(Instant { tv_sec: 3825, tv_nsec: 916291854 }), send_elapsed: 569.514µs, ack_elapsed: 3.890124ms, rtt: 3.32061ms } } pacer=Pacer { enabled: true, capacity: 13500, used: 0, rate: 5515443, last_update: Instant { tv_sec: 3825, tv_nsec: 921484708 }, next_time: Instant { tv_sec: 3825, tv_nsec: 921484708 }, max_datagram_size: 1350, last_packet_size: Some(0), iv: 0ns, max_pacing_rate: None } hystart=window_end=Some(0) last_round_min_rtt=18446744073709551615.999999999s current_round_min_rtt=18446744073709551615.999999999s css_baseline_min_rtt=18446744073709551615.999999999s rtt_sample_count=0 css_start_time=None css_round_count=0 cubic={ k=0 w_max=0 } 
sent 39 bytes
done writing
Path [::]:9001 -> [::1]:8000: sending
quiche: 304a92248aea265951ca62533c396089 pmtud probe status false hs_con=true hs_sent=false cwnd_avail=13500 out_len=1350 left=1316
quiche: 304a92248aea265951ca62533c396089 tx pkt Short dcid=a0e37d33651df019a6e2445e3e7d2153 key_phase=false len=1316 pn=6 
quiche: 304a92248aea265951ca62533c396089 tx frm PATH_CHALLENGE data=[c5, cd, 19, bf, 65, c2, d0, 57]
quiche: 304a92248aea265951ca62533c396089 tx frm PADDING len=1307
quiche::recovery: 304a92248aea265951ca62533c396089 timer=1.023938952s latest_rtt=0ns srtt=333ms min_rtt=0ns rttvar=166.5ms cwnd=13500 ssthresh=18446744073709551615 bytes_in_flight=1350 app_limited=true congestion_recovery_start_time=None Rate { delivered: 0, delivered_time: Instant { tv_sec: 3825, tv_nsec: 921649685 }, first_sent_time: Instant { tv_sec: 3825, tv_nsec: 921649685 }, end_of_app_limited: 1, last_sent_packet: 6, largest_acked: 0, rate_sample: RateSample { delivery_rate: 0, is_app_limited: false, interval: 0ns, delivered: 0, prior_delivered: 0, prior_time: None, send_elapsed: 0ns, ack_elapsed: 0ns, rtt: 0ns } } pacer=Pacer { enabled: true, capacity: 13500, used: 0, rate: 0, last_update: Instant { tv_sec: 3825, tv_nsec: 921649685 }, next_time: Instant { tv_sec: 3825, tv_nsec: 921649685 }, max_datagram_size: 1350, last_packet_size: None, iv: 0ns, max_pacing_rate: None } hystart=window_end=Some(6) last_round_min_rtt=18446744073709551615.999999999s current_round_min_rtt=18446744073709551615.999999999s css_baseline_min_rtt=18446744073709551615.999999999s rtt_sample_count=0 css_start_time=None css_round_count=0 cubic={ k=0 w_max=0 } 
sent 1350 bytes
done writing
quiche: 304a92248aea265951ca62533c396089 rx pkt Short dcid=304a92248aea265951ca62533c396089 key_phase=false len=24 pn=5 
quiche: 304a92248aea265951ca62533c396089 rx frm STREAM id=0 off=59 len=2 fin=true
recv 41 bytes
recv would block
done reading
quiche::h3: 304a92248aea265951ca62533c396089 stream id 0 is readable
quiche::h3::stream: 304a92248aea265951ca62533c396089 read 1 bytes on stream 0
quiche::h3::stream: 304a92248aea265951ca62533c396089 read 1 bytes on stream 0
quiche::h3: 304a92248aea265951ca62533c396089 rx frm DATA stream=0 wire_payload_len=0
Path [::]:9000 -> [::1]:8000: sending
quiche: 304a92248aea265951ca62533c396089 pmtud probe status false hs_con=true hs_sent=false cwnd_avail=13500 out_len=1350 left=1316
quiche: 304a92248aea265951ca62533c396089 tx pkt Short dcid=14fb051cea819bbd9756860264e375df key_phase=false len=4 pn=7 
quiche: 304a92248aea265951ca62533c396089 tx frm APPLICATION_CLOSE err=0 reason=[]
quiche: 304a92248aea265951ca62533c396089 tx frm PADDING len=1
quiche::recovery: 304a92248aea265951ca62533c396089 timer=33.79235ms latest_rtt=2.179548ms srtt=3.059591ms min_rtt=2.179548ms rttvar=1.445933ms cwnd=13500 ssthresh=18446744073709551615 bytes_in_flight=38 app_limited=true congestion_recovery_start_time=None Rate { delivered: 1735, delivered_time: Instant { tv_sec: 3825, tv_nsec: 921484708 }, first_sent_time: Instant { tv_sec: 3825, tv_nsec: 921484708 }, end_of_app_limited: 5, last_sent_packet: 7, largest_acked: 4, rate_sample: RateSample { delivery_rate: 355258, is_app_limited: true, interval: 3.890124ms, delivered: 1382, prior_delivered: 353, prior_time: Some(Instant { tv_sec: 3825, tv_nsec: 916291854 }), send_elapsed: 569.514µs, ack_elapsed: 3.890124ms, rtt: 3.32061ms } } pacer=Pacer { enabled: true, capacity: 13500, used: 0, rate: 5515443, last_update: Instant { tv_sec: 3825, tv_nsec: 922039885 }, next_time: Instant { tv_sec: 3825, tv_nsec: 921484708 }, max_datagram_size: 1350, last_packet_size: None, iv: 6.89µs, max_pacing_rate: None } hystart=window_end=Some(0) last_round_min_rtt=18446744073709551615.999999999s current_round_min_rtt=18446744073709551615.999999999s css_baseline_min_rtt=18446744073709551615.999999999s rtt_sample_count=0 css_start_time=None css_round_count=0 cubic={ k=0 w_max=0 } 
sent 38 bytes
done writing
recv 27 bytes
recv would block
done reading
Path [::]:9000 -> [::1]:8000: sending
done writing
quiche: 304a92248aea265951ca62533c396089 draining timeout expired
timeout
Path [::]:9000 -> [::1]:8000: sending
done writing
connection closed, recv=9 sent=13 lost=0 rtt=3059591ns
